<?xml version="1.0" encoding="UTF-8"?>
<testsuite name="com.vibecoding.tax_server.TaxServerApplicationTests" tests="1" skipped="0" failures="0" errors="0" timestamp="2026-05-15T11:37:06.207Z" hostname="choehyeondoui-MacBookAir.local" time="1.071">
  <properties/>
  <testcase name="contextLoads()" classname="com.vibecoding.tax_server.TaxServerApplicationTests" time="0.215"/>
  <system-out><![CDATA[20:37:06.251 [Test worker] INFO org.springframework.test.context.support.AnnotationConfigContextLoaderUtils -- Could not detect default configuration classes for test class [com.vibecoding.tax_server.TaxServerApplicationTests]: TaxServerApplicationTests does not declare any static, non-private, non-final, nested classes annotated with @Configuration.
20:37:06.276 [Test worker] INFO org.springframework.boot.test.context.SpringBootTestContextBootstrapper -- Found @SpringBootConfiguration com.vibecoding.tax_server.TaxServerApplication for test class com.vibecoding.tax_server.TaxServerApplicationTests
20:37:06.295 [Test worker] INFO org.springframework.test.context.support.AnnotationConfigContextLoaderUtils -- Could not detect default configuration classes for test class [com.vibecoding.tax_server.TaxServerApplicationTests]: TaxServerApplicationTests does not declare any static, non-private, non-final, nested classes annotated with @Configuration.
20:37:06.296 [Test worker] INFO org.springframework.boot.test.context.SpringBootTestContextBootstrapper -- Found @SpringBootConfiguration com.vibecoding.tax_server.TaxServerApplication for test class com.vibecoding.tax_server.TaxServerApplicationTests

  .   ____          _            __ _ _
 /\\ / ___'_ __ _ _(_)_ __  __ _ \ \ \ \
( ( )\___ | '_ | '_| | '_ \/ _` | \ \ \ \
 \\/  ___)| |_)| | | | | || (_| |  ) ) ) )
  '  |____| .__|_| |_|_| |_\__, | / / / /
 =========|_|==============|___/=/_/_/_/

 :: Spring Boot ::                (v4.0.6)

2026-05-15T20:37:06.368+09:00  INFO 8102 --- [tax-server] [    Test worker] c.v.t.TaxServerApplicationTests          : Starting TaxServerApplicationTests using Java 25.0.2 with PID 8102 (started by choi in /Users/choi/Desktop/2026-/server)
2026-05-15T20:37:06.369+09:00  INFO 8102 --- [tax-server] [    Test worker] c.v.t.TaxServerApplicationTests          : No active profile set, falling back to 1 default profile: "default"
2026-05-15T20:37:06.517+09:00  INFO 8102 --- [tax-server] [    Test worker] .s.d.r.c.RepositoryConfigurationDelegate : Bootstrapping Spring Data JPA repositories in DEFAULT mode.
2026-05-15T20:37:06.523+09:00  INFO 8102 --- [tax-server] [    Test worker] .s.d.r.c.RepositoryConfigurationDelegate : Finished Spring Data repository scanning in 3 ms. Found 0 JPA repository interfaces.
2026-05-15T20:37:06.609+09:00  INFO 8102 --- [tax-server] [    Test worker] org.hibernate.orm.jpa                    : HHH008540: Processing PersistenceUnitInfo [name: default]
2026-05-15T20:37:06.623+09:00  INFO 8102 --- [tax-server] [    Test worker] org.hibernate.orm.core                   : HHH000001: Hibernate ORM core version 7.2.12.Final
2026-05-15T20:37:06.735+09:00  INFO 8102 --- [tax-server] [    Test worker] o.s.o.j.p.SpringPersistenceUnitInfo      : No LoadTimeWeaver setup: ignoring JPA class transformer
2026-05-15T20:37:06.744+09:00  INFO 8102 --- [tax-server] [    Test worker] com.zaxxer.hikari.HikariDataSource       : HikariPool-1 - Starting...
2026-05-15T20:37:06.803+09:00  INFO 8102 --- [tax-server] [    Test worker] com.zaxxer.hikari.pool.HikariPool        : HikariPool-1 - Added connection org.postgresql.jdbc.PgConnection@633a11eb
2026-05-15T20:37:06.803+09:00  INFO 8102 --- [tax-server] [    Test worker] com.zaxxer.hikari.HikariDataSource       : HikariPool-1 - Start completed.
2026-05-15T20:37:06.828+09:00  INFO 8102 --- [tax-server] [    Test worker] org.hibernate.orm.connections.pooling    : HHH10001005: Database info:
	Database JDBC URL [jdbc:postgresql://localhost:5432/postgres]
	Database driver: PostgreSQL JDBC Driver
	Database dialect: PostgreSQLDialect
	Database version: 18.4
	Default catalog/schema: postgres/public
	Autocommit mode: undefined/unknown
	Isolation level: READ_COMMITTED [default READ_COMMITTED]
	JDBC fetch size: none
	Pool: DataSourceConnectionProvider
	Minimum pool size: undefined/unknown
	Maximum pool size: undefined/unknown
2026-05-15T20:37:06.926+09:00  INFO 8102 --- [tax-server] [    Test worker] org.hibernate.orm.core                   : HHH000489: No JTA platform available (set 'hibernate.transaction.jta.platform' to enable JTA platform integration)
2026-05-15T20:37:06.928+09:00  INFO 8102 --- [tax-server] [    Test worker] j.LocalContainerEntityManagerFactoryBean : Initialized JPA EntityManagerFactory for persistence unit 'default'
2026-05-15T20:37:06.952+09:00  WARN 8102 --- [tax-server] [    Test worker] JpaBaseConfiguration$JpaWebConfiguration : spring.jpa.open-in-view is enabled by default. Therefore, database queries may be performed during view rendering. Explicitly configure spring.jpa.open-in-view to disable this warning
2026-05-15T20:37:07.060+09:00  INFO 8102 --- [tax-server] [    Test worker] c.v.t.TaxServerApplicationTests          : Started TaxServerApplicationTests in 0.749 seconds (process running for 1.094)
]]></system-out>
  <system-err><![CDATA[Mockito is currently self-attaching to enable the inline-mock-maker. This will no longer work in future releases of the JDK. Please add Mockito as an agent to your build as described in Mockito's documentation: https://javadoc.io/doc/org.mockito/mockito-core/latest/org.mockito/org/mockito/Mockito.html#0.3
WARNING: A Java agent has been loaded dynamically (/Users/choi/.gradle/caches/modules-2/files-2.1/net.bytebuddy/byte-buddy-agent/1.17.8/f09415827a71be7ed621c7bd02550678f28bc81c/byte-buddy-agent-1.17.8.jar)
WARNING: If a serviceability tool is in use, please run with -XX:+EnableDynamicAgentLoading to hide this warning
WARNING: If a serviceability tool is not in use, please run with -Djdk.instrument.traceUsage for more information
WARNING: Dynamic loading of agents will be disallowed by default in a future release
]]></system-err>
</testsuite>
